<?xml version="1.0" encoding="UTF-8"?>
<!-- Generated by org.testng.reporters.JUnitReportReporter -->
<testsuite hostname="DESKTOP-H4M7F9N" name="Academy.HomePage" tests="2" failures="0" timestamp="18 Sep 2022 18:53:14 GMT" time="7.902" errors="0">
  <testcase name="basePageNavigation" time="5.971" classname="Academy.HomePage"/>
  <testcase name="basePageNavigation" time="1.931" classname="Academy.HomePage"/>
</testsuite> <!-- Academy.HomePage -->
