<?xml version="1.0" encoding="UTF-8"?>
<!-- Generated by org.testng.reporters.JUnitReportReporter -->
<testsuite hostname="DESKTOP-H4M7F9N" name="Academy.validateNavigationBar" tests="1" failures="0" timestamp="18 Sep 2022 18:53:14 GMT" time="0.089" errors="0">
  <testcase name="validateAppNavBar" time="0.089" classname="Academy.validateNavigationBar"/>
</testsuite> <!-- Academy.validateNavigationBar -->
